[debug] [2024-05-01T17:37:21.581Z] ----------------------------------------------------------------------
[debug] [2024-05-01T17:37:21.582Z] Command:       /Users/weiwng/.nvm/versions/node/v18.18.1/bin/node /usr/local/bin/firebase apphosting:backends:create --project test-a71aa --location us-central1
[debug] [2024-05-01T17:37:21.583Z] CLI Version:   13.7.5
[debug] [2024-05-01T17:37:21.583Z] Platform:      darwin
[debug] [2024-05-01T17:37:21.583Z] Node Version:  v18.18.1
[debug] [2024-05-01T17:37:21.586Z] Time:          Wed May 01 2024 13:37:21 GMT-0400 (Eastern Daylight Time)
[debug] [2024-05-01T17:37:21.586Z] ----------------------------------------------------------------------
[debug] 
[debug] [2024-05-01T17:37:21.590Z] >>> [apiv2][query] GET https://serviceusage.googleapis.com/v1/projects/test-a71aa/services/firebaseapphosting.googleapis.com [none]
[debug] [2024-05-01T17:37:21.590Z] >>> [apiv2][(partial)header] GET https://serviceusage.googleapis.com/v1/projects/test-a71aa/services/firebaseapphosting.googleapis.com x-goog-quota-user=projects/test-a71aa
[debug] [2024-05-01T17:37:22.106Z] <<< [apiv2][status] GET https://serviceusage.googleapis.com/v1/projects/test-a71aa/services/firebaseapphosting.googleapis.com 200
[debug] [2024-05-01T17:37:22.107Z] <<< [apiv2][body] GET https://serviceusage.googleapis.com/v1/projects/test-a71aa/services/firebaseapphosting.googleapis.com [omitted]
[debug] [2024-05-01T17:37:22.108Z] >>> [apiv2][query] GET https://serviceusage.googleapis.com/v1/projects/test-a71aa/services/developerconnect.googleapis.com [none]
[debug] [2024-05-01T17:37:22.108Z] >>> [apiv2][(partial)header] GET https://serviceusage.googleapis.com/v1/projects/test-a71aa/services/developerconnect.googleapis.com x-goog-quota-user=projects/test-a71aa
[debug] [2024-05-01T17:37:22.111Z] >>> [apiv2][query] GET https://serviceusage.googleapis.com/v1/projects/test-a71aa/services/cloudbuild.googleapis.com [none]
[debug] [2024-05-01T17:37:22.111Z] >>> [apiv2][(partial)header] GET https://serviceusage.googleapis.com/v1/projects/test-a71aa/services/cloudbuild.googleapis.com x-goog-quota-user=projects/test-a71aa
[debug] [2024-05-01T17:37:22.113Z] >>> [apiv2][query] GET https://serviceusage.googleapis.com/v1/projects/test-a71aa/services/secretmanager.googleapis.com [none]
[debug] [2024-05-01T17:37:22.113Z] >>> [apiv2][(partial)header] GET https://serviceusage.googleapis.com/v1/projects/test-a71aa/services/secretmanager.googleapis.com x-goog-quota-user=projects/test-a71aa
[debug] [2024-05-01T17:37:22.115Z] >>> [apiv2][query] GET https://serviceusage.googleapis.com/v1/projects/test-a71aa/services/run.googleapis.com [none]
[debug] [2024-05-01T17:37:22.115Z] >>> [apiv2][(partial)header] GET https://serviceusage.googleapis.com/v1/projects/test-a71aa/services/run.googleapis.com x-goog-quota-user=projects/test-a71aa
[debug] [2024-05-01T17:37:22.116Z] >>> [apiv2][query] GET https://serviceusage.googleapis.com/v1/projects/test-a71aa/services/artifactregistry.googleapis.com [none]
[debug] [2024-05-01T17:37:22.116Z] >>> [apiv2][(partial)header] GET https://serviceusage.googleapis.com/v1/projects/test-a71aa/services/artifactregistry.googleapis.com x-goog-quota-user=projects/test-a71aa
[debug] [2024-05-01T17:37:22.117Z] >>> [apiv2][query] GET https://serviceusage.googleapis.com/v1/projects/test-a71aa/services/iam.googleapis.com [none]
[debug] [2024-05-01T17:37:22.117Z] >>> [apiv2][(partial)header] GET https://serviceusage.googleapis.com/v1/projects/test-a71aa/services/iam.googleapis.com x-goog-quota-user=projects/test-a71aa
[debug] [2024-05-01T17:37:22.513Z] <<< [apiv2][status] GET https://serviceusage.googleapis.com/v1/projects/test-a71aa/services/cloudbuild.googleapis.com 200
[debug] [2024-05-01T17:37:22.513Z] <<< [apiv2][body] GET https://serviceusage.googleapis.com/v1/projects/test-a71aa/services/cloudbuild.googleapis.com [omitted]
[debug] [2024-05-01T17:37:22.531Z] <<< [apiv2][status] GET https://serviceusage.googleapis.com/v1/projects/test-a71aa/services/developerconnect.googleapis.com 200
[debug] [2024-05-01T17:37:22.531Z] <<< [apiv2][body] GET https://serviceusage.googleapis.com/v1/projects/test-a71aa/services/developerconnect.googleapis.com [omitted]
[debug] [2024-05-01T17:37:22.532Z] <<< [apiv2][status] GET https://serviceusage.googleapis.com/v1/projects/test-a71aa/services/run.googleapis.com 200
[debug] [2024-05-01T17:37:22.532Z] <<< [apiv2][body] GET https://serviceusage.googleapis.com/v1/projects/test-a71aa/services/run.googleapis.com [omitted]
[debug] [2024-05-01T17:37:22.542Z] <<< [apiv2][status] GET https://serviceusage.googleapis.com/v1/projects/test-a71aa/services/iam.googleapis.com 200
[debug] [2024-05-01T17:37:22.543Z] <<< [apiv2][body] GET https://serviceusage.googleapis.com/v1/projects/test-a71aa/services/iam.googleapis.com [omitted]
[debug] [2024-05-01T17:37:22.556Z] <<< [apiv2][status] GET https://serviceusage.googleapis.com/v1/projects/test-a71aa/services/secretmanager.googleapis.com 200
[debug] [2024-05-01T17:37:22.556Z] <<< [apiv2][body] GET https://serviceusage.googleapis.com/v1/projects/test-a71aa/services/secretmanager.googleapis.com [omitted]
[debug] [2024-05-01T17:37:22.576Z] <<< [apiv2][status] GET https://serviceusage.googleapis.com/v1/projects/test-a71aa/services/artifactregistry.googleapis.com 200
[debug] [2024-05-01T17:37:22.576Z] <<< [apiv2][body] GET https://serviceusage.googleapis.com/v1/projects/test-a71aa/services/artifactregistry.googleapis.com [omitted]
[info] i  First we need a few details to create your backend.
 
[debug] [2024-05-01T17:37:22.578Z] >>> [apiv2][query] POST https://iam.googleapis.com/v1/projects/test-a71aa/serviceAccounts/firebase-app-hosting-compute@test-a71aa.iam.gserviceaccount.com:testIamPermissions [none]
[debug] [2024-05-01T17:37:22.578Z] >>> [apiv2][(partial)header] POST https://iam.googleapis.com/v1/projects/test-a71aa/serviceAccounts/firebase-app-hosting-compute@test-a71aa.iam.gserviceaccount.com:testIamPermissions x-goog-quota-user=projects/test-a71aa
[debug] [2024-05-01T17:37:22.578Z] >>> [apiv2][body] POST https://iam.googleapis.com/v1/projects/test-a71aa/serviceAccounts/firebase-app-hosting-compute@test-a71aa.iam.gserviceaccount.com:testIamPermissions {"permissions":["iam.serviceAccounts.actAs"]}
[debug] [2024-05-01T17:37:22.828Z] <<< [apiv2][status] POST https://iam.googleapis.com/v1/projects/test-a71aa/serviceAccounts/firebase-app-hosting-compute@test-a71aa.iam.gserviceaccount.com:testIamPermissions 200
[debug] [2024-05-01T17:37:22.828Z] <<< [apiv2][body] POST https://iam.googleapis.com/v1/projects/test-a71aa/serviceAccounts/firebase-app-hosting-compute@test-a71aa.iam.gserviceaccount.com:testIamPermissions {"permissions":["iam.serviceAccounts.actAs"]}
[debug] [2024-05-01T17:37:22.830Z] >>> [apiv2][query] GET https://firebaseapphosting.googleapis.com/v1alpha/projects/test-a71aa/locations 
[debug] [2024-05-01T17:37:23.143Z] <<< [apiv2][status] GET https://firebaseapphosting.googleapis.com/v1alpha/projects/test-a71aa/locations 200
[debug] [2024-05-01T17:37:23.144Z] <<< [apiv2][body] GET https://firebaseapphosting.googleapis.com/v1alpha/projects/test-a71aa/locations {"locations":[{"name":"projects/test-a71aa/locations/us-central1","locationId":"us-central1"}]}
[info] ✔  Location set to us-central1.
 
